c:\users\kazim\desktop\studia\ja\projekt\źródła\dll_asm\x64\debug\vc141.pdb
c:\users\kazim\desktop\studia\ja\projekt\źródła\dll_asm\x64\debug\vc141.idb
c:\users\kazim\desktop\studia\ja\projekt\źródła\dll_asm\x64\debug\dllmain.obj
c:\users\kazim\desktop\studia\ja\projekt\źródła\x64\dll_asm.lib
c:\users\kazim\desktop\studia\ja\projekt\źródła\x64\dll_asm.exp
c:\users\kazim\desktop\studia\ja\projekt\źródła\x64\dll_asm.ipdb
c:\users\kazim\desktop\studia\ja\projekt\źródła\x64\dll_asm.iobj
c:\users\kazim\desktop\studia\ja\projekt\źródła\x64\dll_asm.ilk
c:\users\kazim\desktop\studia\ja\projekt\źródła\x64\dll_asm.dll
c:\users\kazim\desktop\studia\ja\projekt\źródła\x64\dll_asm.pdb
c:\users\kazim\desktop\studia\ja\projekt\źródła\dll_asm\x64\debug\lib.obj
c:\users\kazim\desktop\studia\ja\projekt\źródła\dll_asm\x64\debug\dll_asm.tlog\cl.command.1.tlog
c:\users\kazim\desktop\studia\ja\projekt\źródła\dll_asm\x64\debug\dll_asm.tlog\cl.read.1.tlog
c:\users\kazim\desktop\studia\ja\projekt\źródła\dll_asm\x64\debug\dll_asm.tlog\cl.write.1.tlog
c:\users\kazim\desktop\studia\ja\projekt\źródła\dll_asm\x64\debug\dll_asm.tlog\dll_asm.write.1u.tlog
c:\users\kazim\desktop\studia\ja\projekt\źródła\dll_asm\x64\debug\dll_asm.tlog\link.command.1.tlog
c:\users\kazim\desktop\studia\ja\projekt\źródła\dll_asm\x64\debug\dll_asm.tlog\link.delete.1.tlog
c:\users\kazim\desktop\studia\ja\projekt\źródła\dll_asm\x64\debug\dll_asm.tlog\link.read.1.tlog
c:\users\kazim\desktop\studia\ja\projekt\źródła\dll_asm\x64\debug\dll_asm.tlog\link.write.1.tlog
c:\users\kazim\desktop\studia\ja\projekt\źródła\dll_asm\x64\debug\dll_asm.tlog\masm.read.1u.tlog
c:\users\kazim\desktop\studia\ja\projekt\źródła\dll_asm\x64\debug\dll_asm.tlog\masm.write.1u.tlog
